<?xml version="1.0" encoding="UTF-8"?>
<testng-results skipped="1" failed="0" ignored="0" total="1" passed="0">
  <reporter-output>
  </reporter-output>
  <suite name="Command line suite" duration-ms="77296" started-at="2019-08-26T20:49:17Z" finished-at="2019-08-26T20:50:34Z">
    <groups>
    </groups>
    <test name="Command line test" duration-ms="77296" started-at="2019-08-26T20:49:17Z" finished-at="2019-08-26T20:50:34Z">
      <class name="basic_java.TestNGTestCon">
        <test-method status="FAIL" signature="setUP()[pri:0, instance:basic_java.TestNGTestCon@13c78c0b]" name="setUP" is-config="true" duration-ms="77223" started-at="2019-08-26T16:49:17Z" finished-at="2019-08-26T16:50:34Z">
          <exception class="org.openqa.selenium.SessionNotCreatedException">
            <message>
              <![CDATA[session not created: This version of ChromeDriver only supports Chrome version 77Build info: version: '3.8.0', revision: '924c4067df', time: '2017-11-30T11:20:39.408Z'System info: host: 'SHIFT-PC01', ip: '172.16.243.165', os.name: 'Windows 7', os.arch: 'amd64', os.version: '6.1', java.version: '1.8.0_191'Driver info: driver.version: ChromeDriverremote stacktrace: Backtrace:Ordinal0 [0x00DFEB13+1501971]Ordinal0 [0x00D7F6D1+980689]Ordinal0 [0x00D0765F+489055]Ordinal0 [0x00C9F2F4+62196]Ordinal0 [0x00C9BCDA+48346]Ordinal0 [0x00CB9800+169984]Ordinal0 [0x00CB942D+169005]Ordinal0 [0x00CB78EB+162027]Ordinal0 [0x00CA0AC7+68295]Ordinal0 [0x00CA1B40+72512]Ordinal0 [0x00CA1AD9+72409]Ordinal0 [0x00D98F37+1085239]GetHandleVerifier [0x00E9D7ED+503293]GetHandleVerifier [0x00E9D580+502672]GetHandleVerifier [0x00EA46AC+531644]GetHandleVerifier [0x00E9DFFA+505354]Ordinal0 [0x00D90606+1050118]Ordinal0 [0x00D9047F+1049727]Ordinal0 [0x00D9AF9B+1093531]Ordinal0 [0x00D9B103+1093891]Ordinal0 [0x00D9A095+1089685]BaseThreadInitThunk [0x753F343D+18]RtlInitializeExceptionChain [0x77A89802+99]RtlInitializeExceptionChain [0x77A897D5+54]]]>
            </message>
            <full-stacktrace>
              <![CDATA[org.openqa.selenium.SessionNotCreatedException: session not created: This version of ChromeDriver only supports Chrome version 77Build info: version: '3.8.0', revision: '924c4067df', time: '2017-11-30T11:20:39.408Z'System info: host: 'SHIFT-PC01', ip: '172.16.243.165', os.name: 'Windows 7', os.arch: 'amd64', os.version: '6.1', java.version: '1.8.0_191'Driver info: driver.version: ChromeDriverremote stacktrace: Backtrace:Ordinal0 [0x00DFEB13+1501971]Ordinal0 [0x00D7F6D1+980689]Ordinal0 [0x00D0765F+489055]Ordinal0 [0x00C9F2F4+62196]Ordinal0 [0x00C9BCDA+48346]Ordinal0 [0x00CB9800+169984]Ordinal0 [0x00CB942D+169005]Ordinal0 [0x00CB78EB+162027]Ordinal0 [0x00CA0AC7+68295]Ordinal0 [0x00CA1B40+72512]Ordinal0 [0x00CA1AD9+72409]Ordinal0 [0x00D98F37+1085239]GetHandleVerifier [0x00E9D7ED+503293]GetHandleVerifier [0x00E9D580+502672]GetHandleVerifier [0x00EA46AC+531644]GetHandleVerifier [0x00E9DFFA+505354]Ordinal0 [0x00D90606+1050118]Ordinal0 [0x00D9047F+1049727]Ordinal0 [0x00D9AF9B+1093531]Ordinal0 [0x00D9B103+1093891]Ordinal0 [0x00D9A095+1089685]BaseThreadInitThunk [0x753F343D+18]RtlInitializeExceptionChain [0x77A89802+99]RtlInitializeExceptionChain [0x77A897D5+54]at sun.reflect.NativeConstructorAccessorImpl.newInstance0(Native Method)at sun.reflect.NativeConstructorAccessorImpl.newInstance(NativeConstructorAccessorImpl.java:62)at sun.reflect.DelegatingConstructorAccessorImpl.newInstance(DelegatingConstructorAccessorImpl.java:45)at java.lang.reflect.Constructor.newInstance(Constructor.java:423)at org.openqa.selenium.remote.W3CHandshakeResponse.lambda$new$0(W3CHandshakeResponse.java:57)at org.openqa.selenium.remote.W3CHandshakeResponse.lambda$getResponseFunction$2(W3CHandshakeResponse.java:104)at org.openqa.selenium.remote.ProtocolHandshake.lambda$createSession$0(ProtocolHandshake.java:123)at java.util.stream.ReferencePipeline$3$1.accept(ReferencePipeline.java:193)at java.util.Spliterators$ArraySpliterator.tryAdvance(Spliterators.java:958)at java.util.stream.ReferencePipeline.forEachWithCancel(ReferencePipeline.java:126)at java.util.stream.AbstractPipeline.copyIntoWithCancel(AbstractPipeline.java:498)at java.util.stream.AbstractPipeline.copyInto(AbstractPipeline.java:485)at java.util.stream.AbstractPipeline.wrapAndCopyInto(AbstractPipeline.java:471)at java.util.stream.FindOps$FindOp.evaluateSequential(FindOps.java:152)at java.util.stream.AbstractPipeline.evaluate(AbstractPipeline.java:234)at java.util.stream.ReferencePipeline.findFirst(ReferencePipeline.java:464)at org.openqa.selenium.remote.ProtocolHandshake.createSession(ProtocolHandshake.java:126)at org.openqa.selenium.remote.ProtocolHandshake.createSession(ProtocolHandshake.java:73)at org.openqa.selenium.remote.HttpCommandExecutor.execute(HttpCommandExecutor.java:142)at org.openqa.selenium.remote.service.DriverCommandExecutor.execute(DriverCommandExecutor.java:83)at org.openqa.selenium.remote.RemoteWebDriver.execute(RemoteWebDriver.java:601)at org.openqa.selenium.remote.RemoteWebDriver.startSession(RemoteWebDriver.java:219)at org.openqa.selenium.remote.RemoteWebDriver.<init>(RemoteWebDriver.java:142)at org.openqa.selenium.chrome.ChromeDriver.<init>(ChromeDriver.java:181)at org.openqa.selenium.chrome.ChromeDriver.<init>(ChromeDriver.java:168)at org.openqa.selenium.chrome.ChromeDriver.<init>(ChromeDriver.java:123)at basic_java.TestNGTestCon.setUP(TestNGTestCon.java:18)at sun.reflect.NativeMethodAccessorImpl.invoke0(Native Method)at sun.reflect.NativeMethodAccessorImpl.invoke(NativeMethodAccessorImpl.java:62)at sun.reflect.DelegatingMethodAccessorImpl.invoke(DelegatingMethodAccessorImpl.java:43)at java.lang.reflect.Method.invoke(Method.java:498)at org.testng.internal.MethodInvocationHelper.invokeMethod(MethodInvocationHelper.java:124)at org.testng.internal.MethodInvocationHelper.invokeMethodConsideringTimeout(MethodInvocationHelper.java:59)at org.testng.internal.Invoker.invokeConfigurationMethod(Invoker.java:451)at org.testng.internal.Invoker.invokeConfigurations(Invoker.java:222)at org.testng.internal.Invoker.invokeMethod(Invoker.java:516)at org.testng.internal.Invoker.invokeTestMethod(Invoker.java:707)at org.testng.internal.Invoker.invokeTestMethods(Invoker.java:979)at org.testng.internal.TestMethodWorker.invokeTestMethods(TestMethodWorker.java:125)at org.testng.internal.TestMethodWorker.run(TestMethodWorker.java:109)at org.testng.TestRunner.privateRun(TestRunner.java:648)at org.testng.TestRunner.run(TestRunner.java:505)at org.testng.SuiteRunner.runTest(SuiteRunner.java:455)at org.testng.SuiteRunner.runSequentially(SuiteRunner.java:450)at org.testng.SuiteRunner.privateRun(SuiteRunner.java:415)at org.testng.SuiteRunner.run(SuiteRunner.java:364)at org.testng.SuiteRunnerWorker.runSuite(SuiteRunnerWorker.java:52)at org.testng.SuiteRunnerWorker.run(SuiteRunnerWorker.java:84)at org.testng.TestNG.runSuitesSequentially(TestNG.java:1187)at org.testng.TestNG.runSuitesLocally(TestNG.java:1116)at org.testng.TestNG.runSuites(TestNG.java:1028)at org.testng.TestNG.run(TestNG.java:996)at org.apache.maven.surefire.testng.TestNGExecutor.run(TestNGExecutor.java:77)at org.apache.maven.surefire.testng.TestNGDirectoryTestSuite.executeMulti(TestNGDirectoryTestSuite.java:159)at org.apache.maven.surefire.testng.TestNGDirectoryTestSuite.execute(TestNGDirectoryTestSuite.java:99)at org.apache.maven.surefire.testng.TestNGProvider.invoke(TestNGProvider.java:106)at sun.reflect.NativeMethodAccessorImpl.invoke0(Native Method)at sun.reflect.NativeMethodAccessorImpl.invoke(NativeMethodAccessorImpl.java:62)at sun.reflect.DelegatingMethodAccessorImpl.invoke(DelegatingMethodAccessorImpl.java:43)at java.lang.reflect.Method.invoke(Method.java:498)at org.apache.maven.surefire.util.ReflectionUtils.invokeMethodWithArray(ReflectionUtils.java:189)at org.apache.maven.surefire.booter.ProviderFactory$ProviderProxy.invoke(ProviderFactory.java:165)at org.apache.maven.surefire.booter.ProviderFactory.invokeProvider(ProviderFactory.java:85)at org.apache.maven.surefire.booter.ForkedBooter.runSuitesInProcess(ForkedBooter.java:115)at org.apache.maven.surefire.booter.ForkedBooter.main(ForkedBooter.java:75)]]>
            </full-stacktrace>
          </exception> <!-- org.openqa.selenium.SessionNotCreatedException -->
          <reporter-output>
          </reporter-output>
        </test-method> <!-- setUP -->
        <test-method status="SKIP" signature="test01()[pri:0, instance:basic_java.TestNGTestCon@13c78c0b]" name="test01" duration-ms="0" started-at="2019-08-26T16:50:34Z" finished-at="2019-08-26T16:50:34Z">
          <exception class="org.openqa.selenium.SessionNotCreatedException">
            <message>
              <![CDATA[session not created: This version of ChromeDriver only supports Chrome version 77Build info: version: '3.8.0', revision: '924c4067df', time: '2017-11-30T11:20:39.408Z'System info: host: 'SHIFT-PC01', ip: '172.16.243.165', os.name: 'Windows 7', os.arch: 'amd64', os.version: '6.1', java.version: '1.8.0_191'Driver info: driver.version: ChromeDriverremote stacktrace: Backtrace:Ordinal0 [0x00DFEB13+1501971]Ordinal0 [0x00D7F6D1+980689]Ordinal0 [0x00D0765F+489055]Ordinal0 [0x00C9F2F4+62196]Ordinal0 [0x00C9BCDA+48346]Ordinal0 [0x00CB9800+169984]Ordinal0 [0x00CB942D+169005]Ordinal0 [0x00CB78EB+162027]Ordinal0 [0x00CA0AC7+68295]Ordinal0 [0x00CA1B40+72512]Ordinal0 [0x00CA1AD9+72409]Ordinal0 [0x00D98F37+1085239]GetHandleVerifier [0x00E9D7ED+503293]GetHandleVerifier [0x00E9D580+502672]GetHandleVerifier [0x00EA46AC+531644]GetHandleVerifier [0x00E9DFFA+505354]Ordinal0 [0x00D90606+1050118]Ordinal0 [0x00D9047F+1049727]Ordinal0 [0x00D9AF9B+1093531]Ordinal0 [0x00D9B103+1093891]Ordinal0 [0x00D9A095+1089685]BaseThreadInitThunk [0x753F343D+18]RtlInitializeExceptionChain [0x77A89802+99]RtlInitializeExceptionChain [0x77A897D5+54]]]>
            </message>
            <full-stacktrace>
              <![CDATA[org.openqa.selenium.SessionNotCreatedException: session not created: This version of ChromeDriver only supports Chrome version 77Build info: version: '3.8.0', revision: '924c4067df', time: '2017-11-30T11:20:39.408Z'System info: host: 'SHIFT-PC01', ip: '172.16.243.165', os.name: 'Windows 7', os.arch: 'amd64', os.version: '6.1', java.version: '1.8.0_191'Driver info: driver.version: ChromeDriverremote stacktrace: Backtrace:Ordinal0 [0x00DFEB13+1501971]Ordinal0 [0x00D7F6D1+980689]Ordinal0 [0x00D0765F+489055]Ordinal0 [0x00C9F2F4+62196]Ordinal0 [0x00C9BCDA+48346]Ordinal0 [0x00CB9800+169984]Ordinal0 [0x00CB942D+169005]Ordinal0 [0x00CB78EB+162027]Ordinal0 [0x00CA0AC7+68295]Ordinal0 [0x00CA1B40+72512]Ordinal0 [0x00CA1AD9+72409]Ordinal0 [0x00D98F37+1085239]GetHandleVerifier [0x00E9D7ED+503293]GetHandleVerifier [0x00E9D580+502672]GetHandleVerifier [0x00EA46AC+531644]GetHandleVerifier [0x00E9DFFA+505354]Ordinal0 [0x00D90606+1050118]Ordinal0 [0x00D9047F+1049727]Ordinal0 [0x00D9AF9B+1093531]Ordinal0 [0x00D9B103+1093891]Ordinal0 [0x00D9A095+1089685]BaseThreadInitThunk [0x753F343D+18]RtlInitializeExceptionChain [0x77A89802+99]RtlInitializeExceptionChain [0x77A897D5+54]at sun.reflect.NativeConstructorAccessorImpl.newInstance0(Native Method)at sun.reflect.NativeConstructorAccessorImpl.newInstance(NativeConstructorAccessorImpl.java:62)at sun.reflect.DelegatingConstructorAccessorImpl.newInstance(DelegatingConstructorAccessorImpl.java:45)at java.lang.reflect.Constructor.newInstance(Constructor.java:423)at org.openqa.selenium.remote.W3CHandshakeResponse.lambda$new$0(W3CHandshakeResponse.java:57)at org.openqa.selenium.remote.W3CHandshakeResponse.lambda$getResponseFunction$2(W3CHandshakeResponse.java:104)at org.openqa.selenium.remote.ProtocolHandshake.lambda$createSession$0(ProtocolHandshake.java:123)at java.util.stream.ReferencePipeline$3$1.accept(ReferencePipeline.java:193)at java.util.Spliterators$ArraySpliterator.tryAdvance(Spliterators.java:958)at java.util.stream.ReferencePipeline.forEachWithCancel(ReferencePipeline.java:126)at java.util.stream.AbstractPipeline.copyIntoWithCancel(AbstractPipeline.java:498)at java.util.stream.AbstractPipeline.copyInto(AbstractPipeline.java:485)at java.util.stream.AbstractPipeline.wrapAndCopyInto(AbstractPipeline.java:471)at java.util.stream.FindOps$FindOp.evaluateSequential(FindOps.java:152)at java.util.stream.AbstractPipeline.evaluate(AbstractPipeline.java:234)at java.util.stream.ReferencePipeline.findFirst(ReferencePipeline.java:464)at org.openqa.selenium.remote.ProtocolHandshake.createSession(ProtocolHandshake.java:126)at org.openqa.selenium.remote.ProtocolHandshake.createSession(ProtocolHandshake.java:73)at org.openqa.selenium.remote.HttpCommandExecutor.execute(HttpCommandExecutor.java:142)at org.openqa.selenium.remote.service.DriverCommandExecutor.execute(DriverCommandExecutor.java:83)at org.openqa.selenium.remote.RemoteWebDriver.execute(RemoteWebDriver.java:601)at org.openqa.selenium.remote.RemoteWebDriver.startSession(RemoteWebDriver.java:219)at org.openqa.selenium.remote.RemoteWebDriver.<init>(RemoteWebDriver.java:142)at org.openqa.selenium.chrome.ChromeDriver.<init>(ChromeDriver.java:181)at org.openqa.selenium.chrome.ChromeDriver.<init>(ChromeDriver.java:168)at org.openqa.selenium.chrome.ChromeDriver.<init>(ChromeDriver.java:123)at basic_java.TestNGTestCon.setUP(TestNGTestCon.java:18)at sun.reflect.NativeMethodAccessorImpl.invoke0(Native Method)at sun.reflect.NativeMethodAccessorImpl.invoke(NativeMethodAccessorImpl.java:62)at sun.reflect.DelegatingMethodAccessorImpl.invoke(DelegatingMethodAccessorImpl.java:43)at java.lang.reflect.Method.invoke(Method.java:498)at org.testng.internal.MethodInvocationHelper.invokeMethod(MethodInvocationHelper.java:124)at org.testng.internal.MethodInvocationHelper.invokeMethodConsideringTimeout(MethodInvocationHelper.java:59)at org.testng.internal.Invoker.invokeConfigurationMethod(Invoker.java:451)at org.testng.internal.Invoker.invokeConfigurations(Invoker.java:222)at org.testng.internal.Invoker.invokeMethod(Invoker.java:516)at org.testng.internal.Invoker.invokeTestMethod(Invoker.java:707)at org.testng.internal.Invoker.invokeTestMethods(Invoker.java:979)at org.testng.internal.TestMethodWorker.invokeTestMethods(TestMethodWorker.java:125)at org.testng.internal.TestMethodWorker.run(TestMethodWorker.java:109)at org.testng.TestRunner.privateRun(TestRunner.java:648)at org.testng.TestRunner.run(TestRunner.java:505)at org.testng.SuiteRunner.runTest(SuiteRunner.java:455)at org.testng.SuiteRunner.runSequentially(SuiteRunner.java:450)at org.testng.SuiteRunner.privateRun(SuiteRunner.java:415)at org.testng.SuiteRunner.run(SuiteRunner.java:364)at org.testng.SuiteRunnerWorker.runSuite(SuiteRunnerWorker.java:52)at org.testng.SuiteRunnerWorker.run(SuiteRunnerWorker.java:84)at org.testng.TestNG.runSuitesSequentially(TestNG.java:1187)at org.testng.TestNG.runSuitesLocally(TestNG.java:1116)at org.testng.TestNG.runSuites(TestNG.java:1028)at org.testng.TestNG.run(TestNG.java:996)at org.apache.maven.surefire.testng.TestNGExecutor.run(TestNGExecutor.java:77)at org.apache.maven.surefire.testng.TestNGDirectoryTestSuite.executeMulti(TestNGDirectoryTestSuite.java:159)at org.apache.maven.surefire.testng.TestNGDirectoryTestSuite.execute(TestNGDirectoryTestSuite.java:99)at org.apache.maven.surefire.testng.TestNGProvider.invoke(TestNGProvider.java:106)at sun.reflect.NativeMethodAccessorImpl.invoke0(Native Method)at sun.reflect.NativeMethodAccessorImpl.invoke(NativeMethodAccessorImpl.java:62)at sun.reflect.DelegatingMethodAccessorImpl.invoke(DelegatingMethodAccessorImpl.java:43)at java.lang.reflect.Method.invoke(Method.java:498)at org.apache.maven.surefire.util.ReflectionUtils.invokeMethodWithArray(ReflectionUtils.java:189)at org.apache.maven.surefire.booter.ProviderFactory$ProviderProxy.invoke(ProviderFactory.java:165)at org.apache.maven.surefire.booter.ProviderFactory.invokeProvider(ProviderFactory.java:85)at org.apache.maven.surefire.booter.ForkedBooter.runSuitesInProcess(ForkedBooter.java:115)at org.apache.maven.surefire.booter.ForkedBooter.main(ForkedBooter.java:75)]]>
            </full-stacktrace>
          </exception> <!-- org.openqa.selenium.SessionNotCreatedException -->
          <reporter-output>
          </reporter-output>
        </test-method> <!-- test01 -->
        <test-method status="SKIP" signature="tearDown()[pri:0, instance:basic_java.TestNGTestCon@13c78c0b]" name="tearDown" is-config="true" duration-ms="0" started-at="2019-08-26T16:50:34Z" finished-at="2019-08-26T16:50:34Z">
          <reporter-output>
          </reporter-output>
        </test-method> <!-- tearDown -->
      </class> <!-- basic_java.TestNGTestCon -->
    </test> <!-- Command line test -->
  </suite> <!-- Command line suite -->
</testng-results>
